[2020-08-18T11:22:27.762] [DEBUG] cheese - login => username:郑杰,password:123456
[2020-08-18T11:22:27.766] [DEBUG] cheese - 郑杰
[2020-08-18T11:22:27.798] [DEBUG] cheese - null
[2020-08-18T11:22:27.799] [DEBUG] cheese - null
[2020-08-18T11:23:21.809] [DEBUG] cheese - login => username:admin,password:123456
[2020-08-18T11:23:21.809] [DEBUG] cheese - admin
[2020-08-18T11:23:21.820] [DEBUG] cheese - null
[2020-08-18T11:23:21.820] [DEBUG] cheese - null
[2020-08-18T11:24:55.207] [DEBUG] cheese - login => username:admin,password:123456
[2020-08-18T11:24:55.210] [DEBUG] cheese - admin
[2020-08-18T11:24:55.216] [DEBUG] cheese - null
[2020-08-18T11:24:55.217] [DEBUG] cheese - null
[2020-08-27T09:04:16.633] [DEBUG] cheese - login => username:login,password:123456
[2020-08-27T09:04:16.635] [DEBUG] cheese - login
[2020-08-27T09:04:16.713] [DEBUG] cheese - null
[2020-08-27T09:04:16.714] [DEBUG] cheese - null
[2020-08-27T09:04:24.556] [DEBUG] cheese - login => username:admin,password:123456
[2020-08-27T09:04:24.556] [DEBUG] cheese - admin
[2020-08-27T09:04:24.566] [DEBUG] cheese - null
[2020-08-27T09:04:24.566] [DEBUG] cheese - null
[2020-08-27T09:05:51.683] [DEBUG] cheese - login => username:admin,password:123456
[2020-08-27T09:05:51.683] [DEBUG] cheese - admin
[2020-08-27T09:05:51.687] [DEBUG] cheese - null
[2020-08-27T09:05:51.687] [DEBUG] cheese - null
[2020-09-01T08:51:02.071] [DEBUG] cheese - login => username:admin,password:123456
[2020-09-01T08:51:02.074] [DEBUG] cheese - admin
[2020-09-01T08:51:02.143] [DEBUG] cheese - null
[2020-09-01T08:51:02.144] [DEBUG] cheese - null
[2020-10-25T23:35:16.044] [DEBUG] cheese - login => username:admin,password:123456
[2020-10-25T23:35:16.045] [DEBUG] cheese - admin
[2020-10-25T23:35:16.091] [DEBUG] cheese - null
[2020-10-25T23:35:16.091] [DEBUG] cheese - null
[2020-10-26T22:22:23.704] [DEBUG] cheese - login => username:admin,password:123456
[2020-10-26T22:22:23.707] [DEBUG] cheese - admin
[2020-10-26T22:22:23.734] [DEBUG] cheese - null
[2020-10-26T22:22:23.735] [DEBUG] cheese - null
[2020-10-26T22:45:52.320] [DEBUG] cheese - login => username:admin,password:123456
[2020-10-26T22:45:52.320] [DEBUG] cheese - admin
[2020-10-26T22:45:52.323] [DEBUG] cheese - null
[2020-10-26T22:45:52.323] [DEBUG] cheese - null
[2020-10-27T21:14:20.494] [DEBUG] cheese - login => username:admin,password:123456
[2020-10-27T21:14:20.496] [DEBUG] cheese - admin
[2020-10-27T21:14:20.543] [DEBUG] cheese - null
[2020-10-27T21:14:20.544] [DEBUG] cheese - null
[2020-11-02T00:43:44.108] [DEBUG] cheese - login => username:admin,password:123456
[2020-11-02T00:43:44.110] [DEBUG] cheese - admin
[2020-11-02T00:43:44.176] [DEBUG] cheese - null
[2020-11-02T00:43:44.177] [DEBUG] cheese - null
[2020-11-03T22:58:51.491] [DEBUG] cheese - login => username:admin,password:123456
[2020-11-03T22:58:51.494] [DEBUG] cheese - admin
[2020-11-03T22:58:51.600] [DEBUG] cheese - null
[2020-11-03T22:58:51.600] [DEBUG] cheese - null
[2020-11-03T23:35:39.717] [DEBUG] cheese - login => username:admin,password:123456
[2020-11-03T23:35:39.733] [DEBUG] cheese - admin
[2020-11-03T23:35:39.741] [DEBUG] cheese - null
[2020-11-03T23:35:39.741] [DEBUG] cheese - null
[2020-11-03T23:38:23.676] [DEBUG] cheese - login => username:admin,password:123456
[2020-11-03T23:38:23.677] [DEBUG] cheese - admin
[2020-11-03T23:38:23.680] [DEBUG] cheese - null
[2020-11-03T23:38:23.680] [DEBUG] cheese - null
[2020-11-03T23:38:37.067] [DEBUG] cheese - login => username:admin,password:123456
[2020-11-03T23:38:37.068] [DEBUG] cheese - admin
[2020-11-03T23:38:37.073] [DEBUG] cheese - null
[2020-11-03T23:38:37.073] [DEBUG] cheese - null
[2020-11-04T22:16:00.035] [DEBUG] cheese - login => username:admin,password:123456
[2020-11-04T22:16:00.038] [DEBUG] cheese - admin
[2020-11-04T22:16:00.111] [DEBUG] cheese - null
[2020-11-04T22:16:00.111] [DEBUG] cheese - null
[2020-11-05T22:19:38.536] [DEBUG] cheese - login => username:admin,password:123456
[2020-11-05T22:19:38.538] [DEBUG] cheese - admin
[2020-11-05T22:19:38.573] [DEBUG] cheese - null
[2020-11-05T22:19:38.573] [DEBUG] cheese - null
[2020-11-11T20:17:02.324] [DEBUG] cheese - login => username:admin,password:123456
[2020-11-11T20:17:02.328] [DEBUG] cheese - admin
[2020-11-11T20:17:02.374] [DEBUG] cheese - null
[2020-11-11T20:17:02.375] [DEBUG] cheese - null
[2020-11-12T21:42:54.904] [DEBUG] cheese - login => username:admin,password:123456
[2020-11-12T21:42:54.906] [DEBUG] cheese - admin
[2020-11-12T21:42:54.965] [DEBUG] cheese - null
[2020-11-12T21:42:54.966] [DEBUG] cheese - null
[2020-11-14T21:52:31.820] [DEBUG] cheese - login => username:admin,password:123456
[2020-11-14T21:52:31.822] [DEBUG] cheese - admin
[2020-11-14T21:52:31.877] [DEBUG] cheese - null
[2020-11-14T21:52:31.878] [DEBUG] cheese - null
[2020-11-14T22:21:48.025] [DEBUG] cheese - login => username:admin,password:123456
[2020-11-14T22:21:48.026] [DEBUG] cheese - admin
[2020-11-14T22:21:48.029] [DEBUG] cheese - null
[2020-11-14T22:21:48.029] [DEBUG] cheese - null
[2020-11-15T22:10:41.597] [DEBUG] cheese - login => username:admin,password:123456
[2020-11-15T22:10:41.599] [DEBUG] cheese - admin
[2020-11-15T22:10:41.683] [DEBUG] cheese - null
[2020-11-15T22:10:41.683] [DEBUG] cheese - null
[2020-11-16T21:33:49.038] [DEBUG] cheese - login => username:admin,password:123456
[2020-11-16T21:33:49.041] [DEBUG] cheese - admin
[2020-11-16T21:33:49.118] [DEBUG] cheese - null
[2020-11-16T21:33:49.119] [DEBUG] cheese - null
